================================================================
== Design Size Report
================================================================

* Total Instructions per Compilation Phase
+---------------+-----------------------------+--------------+----------------------------------------------------------------------------------------+
| Phase         | Step                        | Instructions | Description                                                                            |
+---------------+-----------------------------+--------------+----------------------------------------------------------------------------------------+
| Compile/Link  |                             | 1,369        | After all functions are compiled and linked into a single design                       |
|               |                             |              |                                                                                        |
| Unroll/Inline |                             |              | After user unroll and inline pragmas are applied                                       |
|               | (1) unroll                  |   664        | user unroll pragmas are applied                                                        |
|               | (2) simplification          |   408        | simplification of applied user unroll pragmas                                          |
|               | (3) inline                  |   403        | user inline pragmas are applied                                                        |
|               | (4) simplification          |   403        | simplification of applied user inline pragmas                                          |
|               |                             |              |                                                                                        |
| Array/Struct  |                             |              | After user array partition and struct aggregate/disaggregate pragmas are applied       |
|               | (1) array partition         |   517        | user array partition pragmas are applied                                               |
|               | (2) simplification          |   400        | simplification of applied user array partition & struct aggregate/disaggregate pragmas |
|               | (3) aggregate/disaggregate  |   400        | user struct aggregate/disaggregate pragmas are applied                                 |
|               | (4) array reshape           |   400        | apply array reshape pragmas                                                            |
|               | (5) access patterns         |   485        | array access pattern optmizations                                                      |
|               |                             |              |                                                                                        |
| Performance   |                             |              | After transformations are applied to meet performance pragma targets                   |
|               | (1) loop simplification     |   493        | loop and instruction simplification                                                    |
|               | (2) parallelization         |   465        | loops are unrolled or pipelined to meet performance targets                            |
|               | (3) array partition         |   407        | arrays are partitioned to meet performance targets                                     |
|               | (4) simplification          |   407        | simplification of design after performance transformations                             |
|               |                             |              |                                                                                        |
| HW Transforms |                             |              | After hardware transfomations                                                          |
|               | (1) lowering                |   377        | initial conversion to HW specific instructions                                         |
|               | (2) optimizations           |   353        | high level synthesis optimizations                                                     |
+---------------+-----------------------------+--------------+----------------------------------------------------------------------------------------+

* Instructions per Function for each Compilation Phase
+-------------+---------------------------+--------------+---------------+--------------+-------------+---------------+
| Function    | Location                  | Compile/Link | Unroll/Inline | Array/Struct | Performance | HW Transforms |
+-------------+---------------------------+--------------+---------------+--------------+-------------+---------------+
|   blur_edge | blur_edge_combined.cpp:14 | 1,369        | 403           | 485          | 407         | 353           |
+-------------+---------------------------+--------------+---------------+--------------+-------------+---------------+

* Design Size Message Settings
+---------------------------------------------+--------+------------------------------------------------------------------+
| Message Setting                             | Value  | Description                                                      |
+---------------------------------------------+--------+------------------------------------------------------------------+
| config_compile -design_size_maximum_warning | 100000 | Show a warning when total design instructions exceeds this value |
+---------------------------------------------+--------+------------------------------------------------------------------+


