INFO: [v++ 60-1548] Creating build summary session with primary output C:/Users/gao.hen/Desktop/parallelism/parallelismhls/parallelism/parallelism\parallelism.hlscompile_summary, at 04/20/26 14:01:39
INFO: [v++ 82-31] Launching vitis_hls: vitis_hls -nolog -run csynth -work_dir C:/Users/gao.hen/Desktop/parallelism/parallelismhls/parallelism/parallelism -config C:/Users/gao.hen/Desktop/parallelism/parallelismhls/parallelism/hls_config.cfg -cmdlineconfig C:/Users/gao.hen/Desktop/parallelism/parallelismhls/parallelism/parallelism/hls/config.cmdline
INFO: [HLS 200-10] For user 'gao.hen' on host 'wfxa4bb6dbb317a.nunet.neu.edu' (Windows NT_amd64 version 10.0) on Mon Apr 20 14:01:43 -0400 2026
INFO: [HLS 200-10] In directory 'C:/Users/gao.hen/Desktop/parallelism/parallelismhls/parallelism'
INFO: [HLS 200-2005] Using work_dir C:/Users/gao.hen/Desktop/parallelism/parallelismhls/parallelism/parallelism 
INFO: [HLS 200-1505] Using default flow_target 'vivado'
Resolution: For help on HLS 200-1505 see docs.xilinx.com/access/sources/dita/topic?Doc_Version=2024.1%20English&url=ug1448-hls-guidance&resourceid=200-1505.html
INFO: [HLS 200-1465] Applying ini 'syn.file=C:\Users\gao.hen\Desktop\parallelism\eece4632\blur_edge_combined.cpp' from C:/Users/gao.hen/Desktop/parallelism/parallelismhls/parallelism/hls_config.cfg(7)
INFO: [HLS 200-10] Adding design file 'C:/Users/gao.hen/Desktop/parallelism/eece4632/blur_edge_combined.cpp' to the project
INFO: [HLS 200-1465] Applying ini 'syn.file=C:\Users\gao.hen\Desktop\parallelism\eece4632\blur_edge_combined.h' from C:/Users/gao.hen/Desktop/parallelism/parallelismhls/parallelism/hls_config.cfg(8)
INFO: [HLS 200-10] Adding design file 'C:/Users/gao.hen/Desktop/parallelism/eece4632/blur_edge_combined.h' to the project
INFO: [HLS 200-1465] Applying ini 'tb.file=C:\Users\gao.hen\Desktop\parallelism\eece4632\blur_edge_combined_tb.cpp' from C:/Users/gao.hen/Desktop/parallelism/parallelismhls/parallelism/hls_config.cfg(9)
INFO: [HLS 200-10] Adding test bench file 'C:/Users/gao.hen/Desktop/parallelism/eece4632/blur_edge_combined_tb.cpp' to the project
INFO: [HLS 200-1465] Applying ini 'syn.top=blur_edge' from C:/Users/gao.hen/Desktop/parallelism/parallelismhls/parallelism/hls_config.cfg(10)
INFO: [HLS 200-1465] Applying ini 'flow_target=vivado' from C:/Users/gao.hen/Desktop/parallelism/parallelismhls/parallelism/hls_config.cfg(4)
INFO: [HLS 200-1505] Using flow_target 'vivado'
Resolution: For help on HLS 200-1505 see docs.xilinx.com/access/sources/dita/topic?Doc_Version=2024.1%20English&url=ug1448-hls-guidance&resourceid=200-1505.html
INFO: [HLS 200-1465] Applying ini 'part=xczu3eg-sfvc784-2-e' from C:/Users/gao.hen/Desktop/parallelism/parallelismhls/parallelism/hls_config.cfg(1)
INFO: [HLS 200-1611] Setting target device to 'xczu3eg-sfvc784-2-e'
INFO: [HLS 200-1465] Applying ini 'package.output.format=ip_catalog' from C:/Users/gao.hen/Desktop/parallelism/parallelismhls/parallelism/hls_config.cfg(5)
INFO: [HLS 200-111] Finished File checks and directory preparation: CPU user time: 3 seconds. CPU system time: 3 seconds. Elapsed time: 5.492 seconds; current allocated memory: 246.590 MB.
INFO: [HLS 200-10] Analyzing design file '../../eece4632/blur_edge_combined.cpp' ... 
ERROR: [HLS 207-2359] conditional expression is ambiguous; 'ap_int<33 aka 33>' can be converted to 'ap_int<32>' and vice versa (../../eece4632/blur_edge_combined.cpp:82:40)
ERROR: [HLS 207-2359] conditional expression is ambiguous; 'ap_int<33 aka 33>' can be converted to 'ap_int<32>' and vice versa (../../eece4632/blur_edge_combined.cpp:82:69)
ERROR:  
INFO: [HLS 200-112] Total CPU user time: 3 seconds. Total CPU system time: 3 seconds. Total elapsed time: 8.444 seconds; peak allocated memory: 248.730 MB.
