INFO: [v++ 60-1548] Creating build summary session with primary output C:/Users/gao.hen/Desktop/parallelism/parallelismhls/parallelism/parallelism\parallelism.hlscompile_summary, at 04/20/26 14:07:55
INFO: [v++ 82-31] Launching vitis_hls: vitis_hls -nolog -run csynth -work_dir C:/Users/gao.hen/Desktop/parallelism/parallelismhls/parallelism/parallelism -config C:/Users/gao.hen/Desktop/parallelism/parallelismhls/parallelism/hls_config.cfg -cmdlineconfig C:/Users/gao.hen/Desktop/parallelism/parallelismhls/parallelism/parallelism/hls/config.cmdline
INFO: [HLS 200-10] For user 'gao.hen' on host 'wfxa4bb6dbb317a.nunet.neu.edu' (Windows NT_amd64 version 10.0) on Mon Apr 20 14:07:58 -0400 2026
INFO: [HLS 200-10] In directory 'C:/Users/gao.hen/Desktop/parallelism/parallelismhls/parallelism'
INFO: [HLS 200-2005] Using work_dir C:/Users/gao.hen/Desktop/parallelism/parallelismhls/parallelism/parallelism 
INFO: [HLS 200-1505] Using default flow_target 'vivado'
Resolution: For help on HLS 200-1505 see docs.xilinx.com/access/sources/dita/topic?Doc_Version=2024.1%20English&url=ug1448-hls-guidance&resourceid=200-1505.html
INFO: [HLS 200-1465] Applying ini 'syn.file=C:\Users\gao.hen\Desktop\parallelism\eece4632\blur_edge_combined.cpp' from C:/Users/gao.hen/Desktop/parallelism/parallelismhls/parallelism/hls_config.cfg(7)
INFO: [HLS 200-10] Adding design file 'C:/Users/gao.hen/Desktop/parallelism/eece4632/blur_edge_combined.cpp' to the project
INFO: [HLS 200-1465] Applying ini 'syn.file=C:\Users\gao.hen\Desktop\parallelism\eece4632\blur_edge_combined.h' from C:/Users/gao.hen/Desktop/parallelism/parallelismhls/parallelism/hls_config.cfg(8)
INFO: [HLS 200-10] Adding design file 'C:/Users/gao.hen/Desktop/parallelism/eece4632/blur_edge_combined.h' to the project
INFO: [HLS 200-1465] Applying ini 'tb.file=C:\Users\gao.hen\Desktop\parallelism\eece4632\blur_edge_combined_tb.cpp' from C:/Users/gao.hen/Desktop/parallelism/parallelismhls/parallelism/hls_config.cfg(9)
INFO: [HLS 200-10] Adding test bench file 'C:/Users/gao.hen/Desktop/parallelism/eece4632/blur_edge_combined_tb.cpp' to the project
INFO: [HLS 200-1465] Applying ini 'syn.top=blur_edge' from C:/Users/gao.hen/Desktop/parallelism/parallelismhls/parallelism/hls_config.cfg(10)
INFO: [HLS 200-1465] Applying ini 'flow_target=vivado' from C:/Users/gao.hen/Desktop/parallelism/parallelismhls/parallelism/hls_config.cfg(4)
INFO: [HLS 200-1505] Using flow_target 'vivado'
Resolution: For help on HLS 200-1505 see docs.xilinx.com/access/sources/dita/topic?Doc_Version=2024.1%20English&url=ug1448-hls-guidance&resourceid=200-1505.html
INFO: [HLS 200-1465] Applying ini 'part=xczu3eg-sfvc784-2-e' from C:/Users/gao.hen/Desktop/parallelism/parallelismhls/parallelism/hls_config.cfg(1)
INFO: [HLS 200-1611] Setting target device to 'xczu3eg-sfvc784-2-e'
INFO: [HLS 200-1465] Applying ini 'package.output.format=ip_catalog' from C:/Users/gao.hen/Desktop/parallelism/parallelismhls/parallelism/hls_config.cfg(5)
INFO: [HLS 200-111] Finished File checks and directory preparation: CPU user time: 3 seconds. CPU system time: 2 seconds. Elapsed time: 4.7 seconds; current allocated memory: 246.438 MB.
INFO: [HLS 200-10] Analyzing design file '../../eece4632/blur_edge_combined.cpp' ... 
INFO: [HLS 200-111] Finished Source Code Analysis and Preprocessing: CPU user time: 0 seconds. CPU system time: 1 seconds. Elapsed time: 7.177 seconds; current allocated memory: 249.762 MB.
INFO: [HLS 200-777] Using interface defaults for 'Vivado' flow target.
INFO: [HLS 200-1995] There were 1,369 instructions in the design after the 'Compile/Link' phase of compilation. See the Design Size Report for more details: C:/Users/gao.hen/Desktop/parallelism/parallelismhls/parallelism/parallelism/hls/syn/report/csynth_design_size.rpt
INFO: [HLS 200-1995] There were 664 instructions in the design after the 'Unroll/Inline (step 1)' phase of compilation. See the Design Size Report for more details: C:/Users/gao.hen/Desktop/parallelism/parallelismhls/parallelism/parallelism/hls/syn/report/csynth_design_size.rpt
INFO: [HLS 200-1995] There were 408 instructions in the design after the 'Unroll/Inline (step 2)' phase of compilation. See the Design Size Report for more details: C:/Users/gao.hen/Desktop/parallelism/parallelismhls/parallelism/parallelism/hls/syn/report/csynth_design_size.rpt
INFO: [HLS 200-1995] There were 403 instructions in the design after the 'Unroll/Inline (step 3)' phase of compilation. See the Design Size Report for more details: C:/Users/gao.hen/Desktop/parallelism/parallelismhls/parallelism/parallelism/hls/syn/report/csynth_design_size.rpt
INFO: [HLS 200-1995] There were 403 instructions in the design after the 'Unroll/Inline (step 4)' phase of compilation. See the Design Size Report for more details: C:/Users/gao.hen/Desktop/parallelism/parallelismhls/parallelism/parallelism/hls/syn/report/csynth_design_size.rpt
INFO: [HLS 200-1995] There were 517 instructions in the design after the 'Array/Struct (step 1)' phase of compilation. See the Design Size Report for more details: C:/Users/gao.hen/Desktop/parallelism/parallelismhls/parallelism/parallelism/hls/syn/report/csynth_design_size.rpt
INFO: [HLS 200-1995] There were 400 instructions in the design after the 'Array/Struct (step 2)' phase of compilation. See the Design Size Report for more details: C:/Users/gao.hen/Desktop/parallelism/parallelismhls/parallelism/parallelism/hls/syn/report/csynth_design_size.rpt
INFO: [HLS 200-1995] There were 400 instructions in the design after the 'Array/Struct (step 3)' phase of compilation. See the Design Size Report for more details: C:/Users/gao.hen/Desktop/parallelism/parallelismhls/parallelism/parallelism/hls/syn/report/csynth_design_size.rpt
INFO: [HLS 200-1995] There were 400 instructions in the design after the 'Array/Struct (step 4)' phase of compilation. See the Design Size Report for more details: C:/Users/gao.hen/Desktop/parallelism/parallelismhls/parallelism/parallelism/hls/syn/report/csynth_design_size.rpt
INFO: [HLS 200-1995] There were 485 instructions in the design after the 'Array/Struct (step 5)' phase of compilation. See the Design Size Report for more details: C:/Users/gao.hen/Desktop/parallelism/parallelismhls/parallelism/parallelism/hls/syn/report/csynth_design_size.rpt
INFO: [HLS 200-1995] There were 493 instructions in the design after the 'Performance (step 1)' phase of compilation. See the Design Size Report for more details: C:/Users/gao.hen/Desktop/parallelism/parallelismhls/parallelism/parallelism/hls/syn/report/csynth_design_size.rpt
INFO: [HLS 200-1995] There were 465 instructions in the design after the 'Performance (step 2)' phase of compilation. See the Design Size Report for more details: C:/Users/gao.hen/Desktop/parallelism/parallelismhls/parallelism/parallelism/hls/syn/report/csynth_design_size.rpt
INFO: [HLS 200-1995] There were 407 instructions in the design after the 'Performance (step 3)' phase of compilation. See the Design Size Report for more details: C:/Users/gao.hen/Desktop/parallelism/parallelismhls/parallelism/parallelism/hls/syn/report/csynth_design_size.rpt
INFO: [HLS 200-1995] There were 407 instructions in the design after the 'Performance (step 4)' phase of compilation. See the Design Size Report for more details: C:/Users/gao.hen/Desktop/parallelism/parallelismhls/parallelism/parallelism/hls/syn/report/csynth_design_size.rpt
INFO: [HLS 200-1995] There were 377 instructions in the design after the 'HW Transforms (step 1)' phase of compilation. See the Design Size Report for more details: C:/Users/gao.hen/Desktop/parallelism/parallelismhls/parallelism/parallelism/hls/syn/report/csynth_design_size.rpt
INFO: [HLS 200-1995] There were 353 instructions in the design after the 'HW Transforms (step 2)' phase of compilation. See the Design Size Report for more details: C:/Users/gao.hen/Desktop/parallelism/parallelismhls/parallelism/parallelism/hls/syn/report/csynth_design_size.rpt
INFO: [HLS 214-291] Loop 'VITIS_LOOP_48_1' is marked as complete unroll implied by the pipeline pragma (../../eece4632/blur_edge_combined.cpp:48:30)
INFO: [HLS 214-291] Loop 'VITIS_LOOP_50_2' is marked as complete unroll implied by the pipeline pragma (../../eece4632/blur_edge_combined.cpp:50:19)
INFO: [HLS 214-291] Loop 'VITIS_LOOP_57_3' is marked as complete unroll implied by the pipeline pragma (../../eece4632/blur_edge_combined.cpp:57:30)
INFO: [HLS 214-291] Loop 'VITIS_LOOP_69_4' is marked as complete unroll implied by the pipeline pragma (../../eece4632/blur_edge_combined.cpp:69:30)
INFO: [HLS 214-291] Loop 'VITIS_LOOP_71_5' is marked as complete unroll implied by the pipeline pragma (../../eece4632/blur_edge_combined.cpp:71:19)
INFO: [HLS 214-186] Unrolling loop 'VITIS_LOOP_48_1' (../../eece4632/blur_edge_combined.cpp:48:30) in function 'blur_edge' completely with a factor of 5 (../../eece4632/blur_edge_combined.cpp:20:0)
INFO: [HLS 214-186] Unrolling loop 'VITIS_LOOP_50_2' (../../eece4632/blur_edge_combined.cpp:50:19) in function 'blur_edge' completely with a factor of 4 (../../eece4632/blur_edge_combined.cpp:20:0)
INFO: [HLS 214-186] Unrolling loop 'VITIS_LOOP_57_3' (../../eece4632/blur_edge_combined.cpp:57:30) in function 'blur_edge' completely with a factor of 5 (../../eece4632/blur_edge_combined.cpp:20:0)
INFO: [HLS 214-186] Unrolling loop 'VITIS_LOOP_69_4' (../../eece4632/blur_edge_combined.cpp:69:30) in function 'blur_edge' completely with a factor of 5 (../../eece4632/blur_edge_combined.cpp:20:0)
INFO: [HLS 214-186] Unrolling loop 'VITIS_LOOP_71_5' (../../eece4632/blur_edge_combined.cpp:71:19) in function 'blur_edge' completely with a factor of 5 (../../eece4632/blur_edge_combined.cpp:20:0)
INFO: [HLS 214-248] Applying array_partition to '_ZZ9blur_edgeRN3hls6streamINS_4axisI7ap_uintILi8EELm1ELm1ELm1ELh56ELb0EEELi0EEES6_iiiE8line_buf': Complete partitioning on dimension 1. (../../eece4632/blur_edge_combined.cpp:28:0)
INFO: [HLS 214-248] Applying array_partition to 'window': Complete partitioning on dimension 1. Complete partitioning on dimension 2. (../../eece4632/blur_edge_combined.cpp:31:10)
INFO: [HLS 200-111] Finished Compiling Optimization and Transform: CPU user time: 0 seconds. CPU system time: 1 seconds. Elapsed time: 9.324 seconds; current allocated memory: 251.590 MB.
INFO: [HLS 200-111] Finished Checking Pragmas: CPU user time: 0 seconds. CPU system time: 0 seconds. Elapsed time: 0.009 seconds; current allocated memory: 251.594 MB.
INFO: [HLS 200-10] Starting code transformations ...
INFO: [HLS 200-111] Finished Standard Transforms: CPU user time: 0 seconds. CPU system time: 0 seconds. Elapsed time: 0.055 seconds; current allocated memory: 257.023 MB.
INFO: [HLS 200-10] Checking synthesizability ...
INFO: [HLS 200-111] Finished Checking Synthesizability: CPU user time: 0 seconds. CPU system time: 0 seconds. Elapsed time: 0.034 seconds; current allocated memory: 259.145 MB.
INFO: [XFORM 203-401] Performing if-conversion on hyperblock from (../../eece4632/blur_edge_combined.cpp:31:10) to (../../eece4632/blur_edge_combined.cpp:36:12) in function 'blur_edge'... converting 11 basic blocks.
INFO: [XFORM 203-11] Balancing expressions in function 'blur_edge' (../../eece4632/blur_edge_combined.cpp:14:12)...20 expression(s) balanced.
INFO: [HLS 200-111] Finished Loop, function and other optimizations: CPU user time: 0 seconds. CPU system time: 0 seconds. Elapsed time: 0.134 seconds; current allocated memory: 282.422 MB.
INFO: [HLS 200-2061] Successfully converted nested loops 'row_loop'(../../eece4632/blur_edge_combined.cpp:34:12) and 'col_loop'(../../eece4632/blur_edge_combined.cpp:36:12) in function 'blur_edge' into perfectly nested loops.
INFO: [XFORM 203-541] Flattening a loop nest 'row_loop' (../../eece4632/blur_edge_combined.cpp:34:12) in function 'blur_edge'.
INFO: [HLS 200-111] Finished Architecture Synthesis: CPU user time: 0 seconds. CPU system time: 0 seconds. Elapsed time: 1.709 seconds; current allocated memory: 286.688 MB.
INFO: [HLS 200-10] Starting hardware synthesis ...
INFO: [HLS 200-10] Synthesizing 'blur_edge' ...
INFO: [SYN 201-201] Setting up clock 'default' with a period of 10ns.
INFO: [HLS 200-10] ----------------------------------------------------------------
INFO: [HLS 200-42] -- Implementing module 'blur_edge_Pipeline_row_loop_col_loop' 
INFO: [HLS 200-10] ----------------------------------------------------------------
INFO: [SCHED 204-11] Starting scheduling ...
INFO: [SCHED 204-61] Pipelining loop 'row_loop_col_loop'.
INFO: [HLS 200-1470] Pipelining result : Target II = 1, Final II = 1, Depth = 39, loop 'row_loop_col_loop'
INFO: [SCHED 204-11] Finished scheduling.
INFO: [HLS 200-111] Finished Scheduling: CPU user time: 1 seconds. CPU system time: 0 seconds. Elapsed time: 1.514 seconds; current allocated memory: 292.887 MB.
INFO: [BIND 205-100] Starting micro-architecture generation ...
INFO: [BIND 205-101] Performing variable lifetime analysis.
INFO: [BIND 205-101] Exploring resource sharing.
INFO: [BIND 205-101] Binding ...
INFO: [BIND 205-100] Finished micro-architecture generation.
INFO: [HLS 200-111] Finished Binding: CPU user time: 0 seconds. CPU system time: 0 seconds. Elapsed time: 0.125 seconds; current allocated memory: 294.496 MB.
INFO: [HLS 200-10] ----------------------------------------------------------------
INFO: [HLS 200-42] -- Implementing module 'blur_edge' 
INFO: [HLS 200-10] ----------------------------------------------------------------
INFO: [SCHED 204-11] Starting scheduling ...
INFO: [SCHED 204-11] Finished scheduling.
INFO: [HLS 200-111] Finished Scheduling: CPU user time: 0 seconds. CPU system time: 0 seconds. Elapsed time: 0.168 seconds; current allocated memory: 294.613 MB.
INFO: [BIND 205-100] Starting micro-architecture generation ...
INFO: [BIND 205-101] Performing variable lifetime analysis.
INFO: [BIND 205-101] Exploring resource sharing.
INFO: [BIND 205-101] Binding ...
INFO: [BIND 205-100] Finished micro-architecture generation.
INFO: [HLS 200-111] Finished Binding: CPU user time: 0 seconds. CPU system time: 0 seconds. Elapsed time: 0.045 seconds; current allocated memory: 294.766 MB.
INFO: [HLS 200-10] ----------------------------------------------------------------
INFO: [HLS 200-10] -- Generating RTL for module 'blur_edge_Pipeline_row_loop_col_loop' 
INFO: [HLS 200-10] ----------------------------------------------------------------
INFO: [SYN 201-210] Renamed object name 'blur_edge_Pipeline_row_loop_col_loop_blur_edge_stream_stream_axis_0_int_int_int_line_buf_4_RAM_AUTO_1R1W' to 'blur_edge_Pipeline_row_loop_col_loop_blur_edge_stream_stream_axis_0_int_int_ibkb' due to the length limit 80
INFO: [SYN 201-210] Renamed object name 'blur_edge_Pipeline_row_loop_col_loop_blur_edge_stream_stream_axis_0_int_int_int_line_buf_3_RAM_AUTO_1R1W' to 'blur_edge_Pipeline_row_loop_col_loop_blur_edge_stream_stream_axis_0_int_int_icud' due to the length limit 80
INFO: [SYN 201-210] Renamed object name 'blur_edge_Pipeline_row_loop_col_loop_blur_edge_stream_stream_axis_0_int_int_int_line_buf_2_RAM_AUTO_1R1W' to 'blur_edge_Pipeline_row_loop_col_loop_blur_edge_stream_stream_axis_0_int_int_idEe' due to the length limit 80
INFO: [SYN 201-210] Renamed object name 'blur_edge_Pipeline_row_loop_col_loop_blur_edge_stream_stream_axis_0_int_int_int_line_buf_1_RAM_AUTO_1R1W' to 'blur_edge_Pipeline_row_loop_col_loop_blur_edge_stream_stream_axis_0_int_int_ieOg' due to the length limit 80
INFO: [SYN 201-210] Renamed object name 'blur_edge_Pipeline_row_loop_col_loop_blur_edge_stream_stream_axis_0_int_int_int_line_buf_RAM_AUTO_1R1W' to 'blur_edge_Pipeline_row_loop_col_loop_blur_edge_stream_stream_axis_0_int_int_ifYi' due to the length limit 80
INFO: [HLS 200-1030] Apply Unified Pipeline Control on module 'blur_edge_Pipeline_row_loop_col_loop' pipeline 'row_loop_col_loop' pipeline type 'loop pipeline'
INFO: [RTGEN 206-100] Generating core module 'sparsemux_11_3_8_1_1': 9 instance(s).
INFO: [RTGEN 206-100] Generating core module 'sparsemux_7_3_8_1_1': 4 instance(s).
INFO: [RTGEN 206-100] Generating core module 'sparsemux_9_3_8_1_1': 5 instance(s).
INFO: [RTGEN 206-100] Generating core module 'urem_31ns_4ns_3_35_1': 5 instance(s).
INFO: [RTGEN 206-100] Finished creating RTL model for 'blur_edge_Pipeline_row_loop_col_loop'.
INFO: [RTMG 210-278] Implementing memory 'blur_edge_blur_edge_Pipeline_row_loop_col_loop_blur_edge_stream_stream_axis_0_int_int_ibkb' using auto RAMs.
INFO: [HLS 200-111] Finished Creating RTL model: CPU user time: 0 seconds. CPU system time: 0 seconds. Elapsed time: 0.391 seconds; current allocated memory: 302.348 MB.
INFO: [HLS 200-10] ----------------------------------------------------------------
INFO: [HLS 200-10] -- Generating RTL for module 'blur_edge' 
INFO: [HLS 200-10] ----------------------------------------------------------------
WARNING: [RTGEN 206-101] Design contains AXI ports. Reset is fixed to synchronous and active low.
INFO: [RTGEN 206-500] Setting interface mode on port 'blur_edge/src_V_data_V' to 'axis' (register, both mode).
INFO: [RTGEN 206-500] Setting interface mode on port 'blur_edge/src_V_keep_V' to 'axis' (register, both mode).
INFO: [RTGEN 206-500] Setting interface mode on port 'blur_edge/src_V_strb_V' to 'axis' (register, both mode).
INFO: [RTGEN 206-500] Setting interface mode on port 'blur_edge/src_V_user_V' to 'axis' (register, both mode).
INFO: [RTGEN 206-500] Setting interface mode on port 'blur_edge/src_V_last_V' to 'axis' (register, both mode).
INFO: [RTGEN 206-500] Setting interface mode on port 'blur_edge/src_V_id_V' to 'axis' (register, both mode).
INFO: [RTGEN 206-500] Setting interface mode on port 'blur_edge/src_V_dest_V' to 'axis' (register, both mode).
INFO: [RTGEN 206-500] Setting interface mode on port 'blur_edge/dst_V_data_V' to 'axis' (register, both mode).
INFO: [RTGEN 206-500] Setting interface mode on port 'blur_edge/dst_V_keep_V' to 'axis' (register, both mode).
INFO: [RTGEN 206-500] Setting interface mode on port 'blur_edge/dst_V_strb_V' to 'axis' (register, both mode).
INFO: [RTGEN 206-500] Setting interface mode on port 'blur_edge/dst_V_user_V' to 'axis' (register, both mode).
INFO: [RTGEN 206-500] Setting interface mode on port 'blur_edge/dst_V_last_V' to 'axis' (register, both mode).
INFO: [RTGEN 206-500] Setting interface mode on port 'blur_edge/dst_V_id_V' to 'axis' (register, both mode).
INFO: [RTGEN 206-500] Setting interface mode on port 'blur_edge/dst_V_dest_V' to 'axis' (register, both mode).
INFO: [RTGEN 206-500] Setting interface mode on port 'blur_edge/height' to 's_axilite & ap_none'.
INFO: [RTGEN 206-500] Setting interface mode on port 'blur_edge/width' to 's_axilite & ap_none'.
INFO: [RTGEN 206-500] Setting interface mode on port 'blur_edge/threshold' to 's_axilite & ap_none'.
INFO: [RTGEN 206-500] Setting interface mode on function 'blur_edge' to 's_axilite & ap_ctrl_hs'.
INFO: [RTGEN 206-100] Bundling port 'height', 'width', 'threshold' and 'return' to AXI-Lite port control.
INFO: [RTGEN 206-100] Generating core module 'mul_32ns_32ns_64_1_1': 1 instance(s).
INFO: [RTGEN 206-100] Finished creating RTL model for 'blur_edge'.
INFO: [HLS 200-111] Finished Creating RTL model: CPU user time: 1 seconds. CPU system time: 1 seconds. Elapsed time: 1.756 seconds; current allocated memory: 309.379 MB.
INFO: [HLS 200-111] Finished Generating all RTL models: CPU user time: 0 seconds. CPU system time: 0 seconds. Elapsed time: 0.841 seconds; current allocated memory: 312.422 MB.
INFO: [HLS 200-111] Finished Updating report files: CPU user time: 0 seconds. CPU system time: 1 seconds. Elapsed time: 1.375 seconds; current allocated memory: 317.789 MB.
INFO: [VHDL 208-304] Generating VHDL RTL for blur_edge.
INFO: [VLOG 209-307] Generating Verilog RTL for blur_edge.
INFO: [HLS 200-790] **** Loop Constraint Status: All loop constraints were satisfied.
INFO: [HLS 200-789] **** Estimated Fmax: 144.19 MHz
INFO: [HLS 200-112] Total CPU user time: 5 seconds. Total CPU system time: 6 seconds. Total elapsed time: 29.445 seconds; peak allocated memory: 317.883 MB.
INFO: [v++ 60-791] Total elapsed time: 0h 0m 34s
