#-----------------------------------------------------------
# Vivado v2024.1 (64-bit)
# SW Build 5076996 on Wed May 22 18:37:14 MDT 2024
# IP Build 5075265 on Wed May 22 21:45:21 MDT 2024
# SharedData Build 5076995 on Wed May 22 18:29:18 MDT 2024
# Start of session at: Mon Apr 20 14:14:05 2026
# Process ID: 30480
# Current directory: C:/Users/gao.hen/Desktop/parallelism/eece4632/parallelismhls/parallelism/parallelism/hls/impl/ip
# Command line: vivado.exe -notrace -mode batch -source run_ippack.tcl
# Log file: C:/Users/gao.hen/Desktop/parallelism/eece4632/parallelismhls/parallelism/parallelism/hls/impl/ip/vivado.log
# Journal file: C:/Users/gao.hen/Desktop/parallelism/eece4632/parallelismhls/parallelism/parallelism/hls/impl/ip\vivado.jou
# Running On        :WFXA4BB6DBB317A
# Platform          :Windows Server 2016 or Windows 10
# Operating System  :26200
# Processor Detail  :Intel(R) Core(TM) i7-10700 CPU @ 2.90GHz
# CPU Frequency     :2904 MHz
# CPU Physical cores:8
# CPU Logical cores :16
# Host memory       :34060 MB
# Swap memory       :2284 MB
# Total Virtual     :36345 MB
# Available Virtual :11422 MB
#-----------------------------------------------------------
source run_ippack.tcl -notrace
INFO: calling package_hls_ip ip_types=vitis sysgen json_file=C:/Users/gao.hen/Desktop/parallelism/eece4632/parallelismhls/parallelism/parallelism/hls/hls_data.json outdir=C:/Users/gao.hen/Desktop/parallelism/eece4632/parallelismhls/parallelism/parallelism/hls/impl/ip srcdir=C:/Users/gao.hen/Desktop/parallelism/eece4632/parallelismhls/parallelism/parallelism/hls sort_interfaces_ports=false
INFO: Copied 1 ipmisc file(s) to C:/Users/gao.hen/Desktop/parallelism/eece4632/parallelismhls/parallelism/parallelism/hls/impl/ip/misc
INFO: Copied 15 verilog file(s) to C:/Users/gao.hen/Desktop/parallelism/eece4632/parallelismhls/parallelism/parallelism/hls/impl/ip/hdl/verilog
INFO: Copied 11 vhdl file(s) to C:/Users/gao.hen/Desktop/parallelism/eece4632/parallelismhls/parallelism/parallelism/hls/impl/ip/hdl/vhdl
INFO: Copied 10 swdriver file(s) to C:/Users/gao.hen/Desktop/parallelism/eece4632/parallelismhls/parallelism/parallelism/hls/impl/ip/drivers
ipx::create_core: Time (s): cpu = 00:00:08 ; elapsed = 00:00:09 . Memory (MB): peak = 651.680 ; gain = 193.934
INFO: Import ports from HDL: C:/Users/gao.hen/Desktop/parallelism/eece4632/parallelismhls/parallelism/parallelism/hls/impl/ip/hdl/vhdl/blur_edge.vhd (blur_edge)
INFO: Add axi4lite interface s_axi_control
INFO: Add clock interface ap_clk
INFO: Add reset interface ap_rst_n
INFO: Add interrupt interface interrupt
INFO: [IP_Flow 19-234] Refreshing IP repositories
INFO: [IP_Flow 19-1704] No user IP repositories specified
INFO: [IP_Flow 19-2313] Loaded Vivado IP repository 'C:/Xilinx/Vivado/2024.1/data/ip'.
INFO: Add axi4stream interface src
INFO: Add axi4stream interface dst
INFO: Calling post_process_vitis to specialize IP
INFO: Calling post_process_sysgen to specialize IP
Generating sysgen info xml from json file
INFO: Created IP C:/Users/gao.hen/Desktop/parallelism/eece4632/parallelismhls/parallelism/parallelism/hls/impl/ip/component.xml
INFO: Created IP archive C:/Users/gao.hen/Desktop/parallelism/eece4632/parallelismhls/parallelism/parallelism/hls/impl/ip/xilinx_com_hls_blur_edge_1_0.zip
INFO: [Common 17-206] Exiting Vivado at Mon Apr 20 14:14:23 2026...
