C:\Users\gao.hen\Desktop\parallelism\parallelismhls\parallelism\parallelism\hls\.autopilot\db\blur_edge_combined.pp.0.cpp:1316:7: warning: Added loop label VITIS_LOOP_1223_1:   [xilinx-label-all-loops]
      for (i = 0; i < __N - 1; ++i) {
      ^~~
      VITIS_LOOP_1223_1: 
C:\Users\gao.hen\Desktop\parallelism\parallelismhls\parallelism\parallelism\hls\.autopilot\db\blur_edge_combined.pp.0.cpp:1316:7: note: FIX-IT applied suggested code changes
C:\Users\gao.hen\Desktop\parallelism\parallelismhls\parallelism\parallelism\hls\.autopilot\db\blur_edge_combined.pp.0.cpp:2290:5: warning: Added loop label VITIS_LOOP_676_1:   [xilinx-label-all-loops]
    for (unsigned i = low; i != high; ++i) {
    ^~~
    VITIS_LOOP_676_1: 
C:\Users\gao.hen\Desktop\parallelism\parallelismhls\parallelism\parallelism\hls\.autopilot\db\blur_edge_combined.pp.0.cpp:2290:5: note: FIX-IT applied suggested code changes
C:\Users\gao.hen\Desktop\parallelism\parallelismhls\parallelism\parallelism\hls\.autopilot\db\blur_edge_combined.pp.0.cpp:2304:5: warning: Added loop label VITIS_LOOP_690_1:   [xilinx-label-all-loops]
    for (unsigned i = low; i != high; ++i) {
    ^~~
    VITIS_LOOP_690_1: 
C:\Users\gao.hen\Desktop\parallelism\parallelismhls\parallelism\parallelism\hls\.autopilot\db\blur_edge_combined.pp.0.cpp:2304:5: note: FIX-IT applied suggested code changes
C:\Users\gao.hen\Desktop\parallelism\parallelismhls\parallelism\parallelism\hls\.autopilot\db\blur_edge_combined.pp.0.cpp:2318:5: warning: Added loop label VITIS_LOOP_704_1:   [xilinx-label-all-loops]
    for (unsigned i = low; i != high; ++i) {
    ^~~
    VITIS_LOOP_704_1: 
C:\Users\gao.hen\Desktop\parallelism\parallelismhls\parallelism\parallelism\hls\.autopilot\db\blur_edge_combined.pp.0.cpp:2318:5: note: FIX-IT applied suggested code changes
C:\Users\gao.hen\Desktop\parallelism\parallelismhls\parallelism\parallelism\hls\.autopilot\db\blur_edge_combined.pp.0.cpp:3947:7: warning: Added loop label VITIS_LOOP_1247_1:   [xilinx-label-all-loops]
      for (i = 0; i < __N - 1; ++i) {
      ^~~
      VITIS_LOOP_1247_1: 
C:\Users\gao.hen\Desktop\parallelism\parallelismhls\parallelism\parallelism\hls\.autopilot\db\blur_edge_combined.pp.0.cpp:3947:7: note: FIX-IT applied suggested code changes
C:\Users\gao.hen\Desktop\parallelism\parallelismhls\parallelism\parallelism\hls\.autopilot\db\blur_edge_combined.pp.0.cpp:9830:13: warning: Added loop label VITIS_LOOP_48_1:   [xilinx-label-all-loops]
            for (int kr = 0; kr < 5; kr++) {
            ^~~
            VITIS_LOOP_48_1: 
C:\Users\gao.hen\Desktop\parallelism\parallelismhls\parallelism\parallelism\hls\.autopilot\db\blur_edge_combined.pp.0.cpp:9830:13: note: FIX-IT applied suggested code changes
C:\Users\gao.hen\Desktop\parallelism\parallelismhls\parallelism\parallelism\hls\.autopilot\db\blur_edge_combined.pp.0.cpp:9832:2: warning: Added loop label VITIS_LOOP_50_2:   [xilinx-label-all-loops]
 for (int kc = 0; kc < 5 - 1; kc++) {
 ^~~
 VITIS_LOOP_50_2: 
C:\Users\gao.hen\Desktop\parallelism\parallelismhls\parallelism\parallelism\hls\.autopilot\db\blur_edge_combined.pp.0.cpp:9832:2: note: FIX-IT applied suggested code changes
C:\Users\gao.hen\Desktop\parallelism\parallelismhls\parallelism\parallelism\hls\.autopilot\db\blur_edge_combined.pp.0.cpp:9839:13: warning: Added loop label VITIS_LOOP_57_3:   [xilinx-label-all-loops]
            for (int kr = 0; kr < 5; kr++) {
            ^~~
            VITIS_LOOP_57_3: 
C:\Users\gao.hen\Desktop\parallelism\parallelismhls\parallelism\parallelism\hls\.autopilot\db\blur_edge_combined.pp.0.cpp:9839:13: note: FIX-IT applied suggested code changes
C:\Users\gao.hen\Desktop\parallelism\parallelismhls\parallelism\parallelism\hls\.autopilot\db\blur_edge_combined.pp.0.cpp:9851:13: warning: Added loop label VITIS_LOOP_69_4:   [xilinx-label-all-loops]
            for (int kr = 0; kr < 5; kr++) {
            ^~~
            VITIS_LOOP_69_4: 
C:\Users\gao.hen\Desktop\parallelism\parallelismhls\parallelism\parallelism\hls\.autopilot\db\blur_edge_combined.pp.0.cpp:9851:13: note: FIX-IT applied suggested code changes
C:\Users\gao.hen\Desktop\parallelism\parallelismhls\parallelism\parallelism\hls\.autopilot\db\blur_edge_combined.pp.0.cpp:9853:2: warning: Added loop label VITIS_LOOP_71_5:   [xilinx-label-all-loops]
 for (int kc = 0; kc < 5; kc++) {
 ^~~
 VITIS_LOOP_71_5: 
C:\Users\gao.hen\Desktop\parallelism\parallelismhls\parallelism\parallelism\hls\.autopilot\db\blur_edge_combined.pp.0.cpp:9853:2: note: FIX-IT applied suggested code changes
