
*** Running vivado
    with args -log design_1_wrapper.vds -m64 -product Vivado -mode batch -messageDb vivado.pb -notrace -source design_1_wrapper.tcl



****** Vivado v2024.1 (64-bit)
  **** SW Build 5076996 on Wed May 22 18:37:14 MDT 2024
  **** IP Build 5075265 on Wed May 22 21:45:21 MDT 2024
  **** SharedData Build 5076995 on Wed May 22 18:29:18 MDT 2024
  **** Start of session at: Wed Apr 22 16:13:41 2026
    ** Copyright 1986-2022 Xilinx, Inc. All Rights Reserved.
    ** Copyright 2022-2024 Advanced Micro Devices, Inc. All Rights Reserved.

source design_1_wrapper.tcl -notrace
create_project: Time (s): cpu = 00:00:08 ; elapsed = 00:00:09 . Memory (MB): peak = 649.273 ; gain = 204.164
INFO: [IP_Flow 19-234] Refreshing IP repositories
INFO: [IP_Flow 19-1700] Loaded user IP repository 'c:/Users/gao.hen/Desktop/parallelism/eece4632/parallelismhls'.
INFO: [IP_Flow 19-2313] Loaded Vivado IP repository 'C:/Xilinx/Vivado/2024.1/data/ip'.
WARNING: [IP_Flow 19-4995] The host OS only allows 260 characters in a normal path. The IP cache path is more than 80 characters. If you experience issues with IP caching, please consider changing the IP cache to a location with a shorter path. Alternately consider using the OS subst command to map part of the path to a drive letter. 
Current IP cache path is c:/Users/gao.hen/Desktop/parallelism/eece4632/parallelismvivado/parallelism/parallelism.cache/ip 
add_files: Time (s): cpu = 00:00:05 ; elapsed = 00:00:06 . Memory (MB): peak = 710.742 ; gain = 43.125
Command: synth_design -top design_1_wrapper -part xczu3eg-sfvc784-2-e
Starting synth_design
Attempting to get a license for feature 'Synthesis' and/or device 'xczu3eg'
INFO: [Common 17-349] Got license for feature 'Synthesis' and/or device 'xczu3eg'
INFO: [Device 21-403] Loading part xczu3eg-sfvc784-2-e
INFO: [Synth 8-7079] Multithreading enabled for synth_design using a maximum of 2 processes.
INFO: [Synth 8-7078] Launching helper process for spawning children vivado processes
INFO: [Synth 8-7075] Helper process launched with PID 28996
---------------------------------------------------------------------------------
Starting RTL Elaboration : Time (s): cpu = 00:00:05 ; elapsed = 00:00:05 . Memory (MB): peak = 2045.062 ; gain = 393.395
---------------------------------------------------------------------------------
INFO: [Synth 8-6157] synthesizing module 'design_1_wrapper' [c:/Users/gao.hen/Desktop/parallelism/eece4632/parallelismvivado/parallelism/parallelism.gen/sources_1/bd/design_1/hdl/design_1_wrapper.v:13]
INFO: [Synth 8-6157] synthesizing module 'design_1' [c:/Users/gao.hen/Desktop/parallelism/eece4632/parallelismvivado/parallelism/parallelism.gen/sources_1/bd/design_1/synth/design_1.v:13]
INFO: [Synth 8-6157] synthesizing module 'design_1_axi_dma_0_0' [C:/Users/gao.hen/Desktop/parallelism/eece4632/parallelismvivado/parallelism/parallelism.runs/synth_1/.Xil/Vivado-24084-WFXA4BB6DBB317A/realtime/design_1_axi_dma_0_0_stub.v:6]
INFO: [Synth 8-6155] done synthesizing module 'design_1_axi_dma_0_0' (0#1) [C:/Users/gao.hen/Desktop/parallelism/eece4632/parallelismvivado/parallelism/parallelism.runs/synth_1/.Xil/Vivado-24084-WFXA4BB6DBB317A/realtime/design_1_axi_dma_0_0_stub.v:6]
WARNING: [Synth 8-7071] port 'mm2s_prmry_reset_out_n' of module 'design_1_axi_dma_0_0' is unconnected for instance 'axi_dma_0' [c:/Users/gao.hen/Desktop/parallelism/eece4632/parallelismvivado/parallelism/parallelism.gen/sources_1/bd/design_1/synth/design_1.v:200]
WARNING: [Synth 8-7071] port 's2mm_prmry_reset_out_n' of module 'design_1_axi_dma_0_0' is unconnected for instance 'axi_dma_0' [c:/Users/gao.hen/Desktop/parallelism/eece4632/parallelismvivado/parallelism/parallelism.gen/sources_1/bd/design_1/synth/design_1.v:200]
WARNING: [Synth 8-7071] port 'axi_dma_tstvec' of module 'design_1_axi_dma_0_0' is unconnected for instance 'axi_dma_0' [c:/Users/gao.hen/Desktop/parallelism/eece4632/parallelismvivado/parallelism/parallelism.gen/sources_1/bd/design_1/synth/design_1.v:200]
WARNING: [Synth 8-7023] instance 'axi_dma_0' of module 'design_1_axi_dma_0_0' has 64 connections declared, but only 61 given [c:/Users/gao.hen/Desktop/parallelism/eece4632/parallelismvivado/parallelism/parallelism.gen/sources_1/bd/design_1/synth/design_1.v:200]
INFO: [Synth 8-6157] synthesizing module 'design_1_blur_edge_0_0' [C:/Users/gao.hen/Desktop/parallelism/eece4632/parallelismvivado/parallelism/parallelism.runs/synth_1/.Xil/Vivado-24084-WFXA4BB6DBB317A/realtime/design_1_blur_edge_0_0_stub.v:6]
INFO: [Synth 8-6155] done synthesizing module 'design_1_blur_edge_0_0' (0#1) [C:/Users/gao.hen/Desktop/parallelism/eece4632/parallelismvivado/parallelism/parallelism.runs/synth_1/.Xil/Vivado-24084-WFXA4BB6DBB317A/realtime/design_1_blur_edge_0_0_stub.v:6]
WARNING: [Synth 8-7071] port 'interrupt' of module 'design_1_blur_edge_0_0' is unconnected for instance 'blur_edge_0' [c:/Users/gao.hen/Desktop/parallelism/eece4632/parallelismvivado/parallelism/parallelism.gen/sources_1/bd/design_1/synth/design_1.v:262]
WARNING: [Synth 8-7071] port 'dst_TDEST' of module 'design_1_blur_edge_0_0' is unconnected for instance 'blur_edge_0' [c:/Users/gao.hen/Desktop/parallelism/eece4632/parallelismvivado/parallelism/parallelism.gen/sources_1/bd/design_1/synth/design_1.v:262]
WARNING: [Synth 8-7071] port 'dst_TID' of module 'design_1_blur_edge_0_0' is unconnected for instance 'blur_edge_0' [c:/Users/gao.hen/Desktop/parallelism/eece4632/parallelismvivado/parallelism/parallelism.gen/sources_1/bd/design_1/synth/design_1.v:262]
WARNING: [Synth 8-7071] port 'dst_TSTRB' of module 'design_1_blur_edge_0_0' is unconnected for instance 'blur_edge_0' [c:/Users/gao.hen/Desktop/parallelism/eece4632/parallelismvivado/parallelism/parallelism.gen/sources_1/bd/design_1/synth/design_1.v:262]
WARNING: [Synth 8-7071] port 'dst_TUSER' of module 'design_1_blur_edge_0_0' is unconnected for instance 'blur_edge_0' [c:/Users/gao.hen/Desktop/parallelism/eece4632/parallelismvivado/parallelism/parallelism.gen/sources_1/bd/design_1/synth/design_1.v:262]
WARNING: [Synth 8-7023] instance 'blur_edge_0' of module 'design_1_blur_edge_0_0' has 38 connections declared, but only 33 given [c:/Users/gao.hen/Desktop/parallelism/eece4632/parallelismvivado/parallelism/parallelism.gen/sources_1/bd/design_1/synth/design_1.v:262]
INFO: [Synth 8-6157] synthesizing module 'design_1_proc_sys_reset_0_0' [C:/Users/gao.hen/Desktop/parallelism/eece4632/parallelismvivado/parallelism/parallelism.runs/synth_1/.Xil/Vivado-24084-WFXA4BB6DBB317A/realtime/design_1_proc_sys_reset_0_0_stub.v:6]
INFO: [Synth 8-6155] done synthesizing module 'design_1_proc_sys_reset_0_0' (0#1) [C:/Users/gao.hen/Desktop/parallelism/eece4632/parallelismvivado/parallelism/parallelism.runs/synth_1/.Xil/Vivado-24084-WFXA4BB6DBB317A/realtime/design_1_proc_sys_reset_0_0_stub.v:6]
WARNING: [Synth 8-7071] port 'mb_reset' of module 'design_1_proc_sys_reset_0_0' is unconnected for instance 'proc_sys_reset_0' [c:/Users/gao.hen/Desktop/parallelism/eece4632/parallelismvivado/parallelism/parallelism.gen/sources_1/bd/design_1/synth/design_1.v:296]
WARNING: [Synth 8-7071] port 'bus_struct_reset' of module 'design_1_proc_sys_reset_0_0' is unconnected for instance 'proc_sys_reset_0' [c:/Users/gao.hen/Desktop/parallelism/eece4632/parallelismvivado/parallelism/parallelism.gen/sources_1/bd/design_1/synth/design_1.v:296]
WARNING: [Synth 8-7071] port 'peripheral_reset' of module 'design_1_proc_sys_reset_0_0' is unconnected for instance 'proc_sys_reset_0' [c:/Users/gao.hen/Desktop/parallelism/eece4632/parallelismvivado/parallelism/parallelism.gen/sources_1/bd/design_1/synth/design_1.v:296]
WARNING: [Synth 8-7071] port 'interconnect_aresetn' of module 'design_1_proc_sys_reset_0_0' is unconnected for instance 'proc_sys_reset_0' [c:/Users/gao.hen/Desktop/parallelism/eece4632/parallelismvivado/parallelism/parallelism.gen/sources_1/bd/design_1/synth/design_1.v:296]
WARNING: [Synth 8-7023] instance 'proc_sys_reset_0' of module 'design_1_proc_sys_reset_0_0' has 10 connections declared, but only 6 given [c:/Users/gao.hen/Desktop/parallelism/eece4632/parallelismvivado/parallelism/parallelism.gen/sources_1/bd/design_1/synth/design_1.v:296]
INFO: [Synth 8-6157] synthesizing module 'design_1_smartconnect_0_0' [C:/Users/gao.hen/Desktop/parallelism/eece4632/parallelismvivado/parallelism/parallelism.runs/synth_1/.Xil/Vivado-24084-WFXA4BB6DBB317A/realtime/design_1_smartconnect_0_0_stub.v:6]
INFO: [Synth 8-6155] done synthesizing module 'design_1_smartconnect_0_0' (0#1) [C:/Users/gao.hen/Desktop/parallelism/eece4632/parallelismvivado/parallelism/parallelism.runs/synth_1/.Xil/Vivado-24084-WFXA4BB6DBB317A/realtime/design_1_smartconnect_0_0_stub.v:6]
WARNING: [Synth 8-7071] port 'M00_AXI_awprot' of module 'design_1_smartconnect_0_0' is unconnected for instance 'smartconnect_0' [c:/Users/gao.hen/Desktop/parallelism/eece4632/parallelismvivado/parallelism/parallelism.gen/sources_1/bd/design_1/synth/design_1.v:303]
WARNING: [Synth 8-7071] port 'M00_AXI_wstrb' of module 'design_1_smartconnect_0_0' is unconnected for instance 'smartconnect_0' [c:/Users/gao.hen/Desktop/parallelism/eece4632/parallelismvivado/parallelism/parallelism.gen/sources_1/bd/design_1/synth/design_1.v:303]
WARNING: [Synth 8-7071] port 'M00_AXI_arprot' of module 'design_1_smartconnect_0_0' is unconnected for instance 'smartconnect_0' [c:/Users/gao.hen/Desktop/parallelism/eece4632/parallelismvivado/parallelism/parallelism.gen/sources_1/bd/design_1/synth/design_1.v:303]
WARNING: [Synth 8-7071] port 'M01_AXI_awprot' of module 'design_1_smartconnect_0_0' is unconnected for instance 'smartconnect_0' [c:/Users/gao.hen/Desktop/parallelism/eece4632/parallelismvivado/parallelism/parallelism.gen/sources_1/bd/design_1/synth/design_1.v:303]
WARNING: [Synth 8-7071] port 'M01_AXI_arprot' of module 'design_1_smartconnect_0_0' is unconnected for instance 'smartconnect_0' [c:/Users/gao.hen/Desktop/parallelism/eece4632/parallelismvivado/parallelism/parallelism.gen/sources_1/bd/design_1/synth/design_1.v:303]
WARNING: [Synth 8-7023] instance 'smartconnect_0' of module 'design_1_smartconnect_0_0' has 79 connections declared, but only 74 given [c:/Users/gao.hen/Desktop/parallelism/eece4632/parallelismvivado/parallelism/parallelism.gen/sources_1/bd/design_1/synth/design_1.v:303]
INFO: [Synth 8-6157] synthesizing module 'design_1_smartconnect_1_0' [C:/Users/gao.hen/Desktop/parallelism/eece4632/parallelismvivado/parallelism/parallelism.runs/synth_1/.Xil/Vivado-24084-WFXA4BB6DBB317A/realtime/design_1_smartconnect_1_0_stub.v:6]
INFO: [Synth 8-6155] done synthesizing module 'design_1_smartconnect_1_0' (0#1) [C:/Users/gao.hen/Desktop/parallelism/eece4632/parallelismvivado/parallelism/parallelism.runs/synth_1/.Xil/Vivado-24084-WFXA4BB6DBB317A/realtime/design_1_smartconnect_1_0_stub.v:6]
WARNING: [Synth 8-7071] port 'S00_AXI_awready' of module 'design_1_smartconnect_1_0' is unconnected for instance 'smartconnect_1' [c:/Users/gao.hen/Desktop/parallelism/eece4632/parallelismvivado/parallelism/parallelism.gen/sources_1/bd/design_1/synth/design_1.v:378]
WARNING: [Synth 8-7071] port 'S00_AXI_wready' of module 'design_1_smartconnect_1_0' is unconnected for instance 'smartconnect_1' [c:/Users/gao.hen/Desktop/parallelism/eece4632/parallelismvivado/parallelism/parallelism.gen/sources_1/bd/design_1/synth/design_1.v:378]
WARNING: [Synth 8-7071] port 'S00_AXI_bresp' of module 'design_1_smartconnect_1_0' is unconnected for instance 'smartconnect_1' [c:/Users/gao.hen/Desktop/parallelism/eece4632/parallelismvivado/parallelism/parallelism.gen/sources_1/bd/design_1/synth/design_1.v:378]
WARNING: [Synth 8-7071] port 'S00_AXI_bvalid' of module 'design_1_smartconnect_1_0' is unconnected for instance 'smartconnect_1' [c:/Users/gao.hen/Desktop/parallelism/eece4632/parallelismvivado/parallelism/parallelism.gen/sources_1/bd/design_1/synth/design_1.v:378]
WARNING: [Synth 8-7071] port 'S00_AXI_arready' of module 'design_1_smartconnect_1_0' is unconnected for instance 'smartconnect_1' [c:/Users/gao.hen/Desktop/parallelism/eece4632/parallelismvivado/parallelism/parallelism.gen/sources_1/bd/design_1/synth/design_1.v:378]
WARNING: [Synth 8-7071] port 'S00_AXI_rdata' of module 'design_1_smartconnect_1_0' is unconnected for instance 'smartconnect_1' [c:/Users/gao.hen/Desktop/parallelism/eece4632/parallelismvivado/parallelism/parallelism.gen/sources_1/bd/design_1/synth/design_1.v:378]
WARNING: [Synth 8-7071] port 'S00_AXI_rresp' of module 'design_1_smartconnect_1_0' is unconnected for instance 'smartconnect_1' [c:/Users/gao.hen/Desktop/parallelism/eece4632/parallelismvivado/parallelism/parallelism.gen/sources_1/bd/design_1/synth/design_1.v:378]
WARNING: [Synth 8-7071] port 'S00_AXI_rlast' of module 'design_1_smartconnect_1_0' is unconnected for instance 'smartconnect_1' [c:/Users/gao.hen/Desktop/parallelism/eece4632/parallelismvivado/parallelism/parallelism.gen/sources_1/bd/design_1/synth/design_1.v:378]
WARNING: [Synth 8-7071] port 'S00_AXI_rvalid' of module 'design_1_smartconnect_1_0' is unconnected for instance 'smartconnect_1' [c:/Users/gao.hen/Desktop/parallelism/eece4632/parallelismvivado/parallelism/parallelism.gen/sources_1/bd/design_1/synth/design_1.v:378]
WARNING: [Synth 8-7023] instance 'smartconnect_1' of module 'design_1_smartconnect_1_0' has 134 connections declared, but only 125 given [c:/Users/gao.hen/Desktop/parallelism/eece4632/parallelismvivado/parallelism/parallelism.gen/sources_1/bd/design_1/synth/design_1.v:378]
INFO: [Synth 8-6157] synthesizing module 'design_1_zynq_ultra_ps_e_0_0' [C:/Users/gao.hen/Desktop/parallelism/eece4632/parallelismvivado/parallelism/parallelism.runs/synth_1/.Xil/Vivado-24084-WFXA4BB6DBB317A/realtime/design_1_zynq_ultra_ps_e_0_0_stub.v:6]
INFO: [Synth 8-6155] done synthesizing module 'design_1_zynq_ultra_ps_e_0_0' (0#1) [C:/Users/gao.hen/Desktop/parallelism/eece4632/parallelismvivado/parallelism/parallelism.runs/synth_1/.Xil/Vivado-24084-WFXA4BB6DBB317A/realtime/design_1_zynq_ultra_ps_e_0_0_stub.v:6]
WARNING: [Synth 8-7071] port 'saxigp2_bid' of module 'design_1_zynq_ultra_ps_e_0_0' is unconnected for instance 'zynq_ultra_ps_e_0' [c:/Users/gao.hen/Desktop/parallelism/eece4632/parallelismvivado/parallelism/parallelism.gen/sources_1/bd/design_1/synth/design_1.v:504]
WARNING: [Synth 8-7071] port 'saxigp2_rid' of module 'design_1_zynq_ultra_ps_e_0_0' is unconnected for instance 'zynq_ultra_ps_e_0' [c:/Users/gao.hen/Desktop/parallelism/eece4632/parallelismvivado/parallelism/parallelism.gen/sources_1/bd/design_1/synth/design_1.v:504]
WARNING: [Synth 8-7071] port 'saxigp3_bid' of module 'design_1_zynq_ultra_ps_e_0_0' is unconnected for instance 'zynq_ultra_ps_e_0' [c:/Users/gao.hen/Desktop/parallelism/eece4632/parallelismvivado/parallelism/parallelism.gen/sources_1/bd/design_1/synth/design_1.v:504]
WARNING: [Synth 8-7071] port 'saxigp3_rid' of module 'design_1_zynq_ultra_ps_e_0_0' is unconnected for instance 'zynq_ultra_ps_e_0' [c:/Users/gao.hen/Desktop/parallelism/eece4632/parallelismvivado/parallelism/parallelism.gen/sources_1/bd/design_1/synth/design_1.v:504]
WARNING: [Synth 8-7023] instance 'zynq_ultra_ps_e_0' of module 'design_1_zynq_ultra_ps_e_0_0' has 124 connections declared, but only 120 given [c:/Users/gao.hen/Desktop/parallelism/eece4632/parallelismvivado/parallelism/parallelism.gen/sources_1/bd/design_1/synth/design_1.v:504]
INFO: [Synth 8-6155] done synthesizing module 'design_1' (0#1) [c:/Users/gao.hen/Desktop/parallelism/eece4632/parallelismvivado/parallelism/parallelism.gen/sources_1/bd/design_1/synth/design_1.v:13]
INFO: [Synth 8-6155] done synthesizing module 'design_1_wrapper' (0#1) [c:/Users/gao.hen/Desktop/parallelism/eece4632/parallelismvivado/parallelism/parallelism.gen/sources_1/bd/design_1/hdl/design_1_wrapper.v:13]
---------------------------------------------------------------------------------
Finished RTL Elaboration : Time (s): cpu = 00:00:07 ; elapsed = 00:00:07 . Memory (MB): peak = 2162.523 ; gain = 510.855
---------------------------------------------------------------------------------
---------------------------------------------------------------------------------
Start Handling Custom Attributes
---------------------------------------------------------------------------------
---------------------------------------------------------------------------------
Finished Handling Custom Attributes : Time (s): cpu = 00:00:07 ; elapsed = 00:00:07 . Memory (MB): peak = 2162.523 ; gain = 510.855
---------------------------------------------------------------------------------
---------------------------------------------------------------------------------
Finished RTL Optimization Phase 1 : Time (s): cpu = 00:00:07 ; elapsed = 00:00:07 . Memory (MB): peak = 2162.523 ; gain = 510.855
---------------------------------------------------------------------------------
Netlist sorting complete. Time (s): cpu = 00:00:00 ; elapsed = 00:00:00.009 . Memory (MB): peak = 2162.523 ; gain = 0.000
INFO: [Project 1-570] Preparing netlist for logic optimization

Processing XDC Constraints
Initializing timing engine
Parsing XDC File [c:/Users/gao.hen/Desktop/parallelism/eece4632/parallelismvivado/parallelism/parallelism.gen/sources_1/bd/design_1/ip/design_1_zynq_ultra_ps_e_0_0/design_1_zynq_ultra_ps_e_0_0/design_1_zynq_ultra_ps_e_0_0_in_context.xdc] for cell 'design_1_i/zynq_ultra_ps_e_0'
Finished Parsing XDC File [c:/Users/gao.hen/Desktop/parallelism/eece4632/parallelismvivado/parallelism/parallelism.gen/sources_1/bd/design_1/ip/design_1_zynq_ultra_ps_e_0_0/design_1_zynq_ultra_ps_e_0_0/design_1_zynq_ultra_ps_e_0_0_in_context.xdc] for cell 'design_1_i/zynq_ultra_ps_e_0'
Parsing XDC File [c:/Users/gao.hen/Desktop/parallelism/eece4632/parallelismvivado/parallelism/parallelism.gen/sources_1/bd/design_1/ip/design_1_proc_sys_reset_0_0/design_1_proc_sys_reset_0_0/design_1_proc_sys_reset_0_0_in_context.xdc] for cell 'design_1_i/proc_sys_reset_0'
Finished Parsing XDC File [c:/Users/gao.hen/Desktop/parallelism/eece4632/parallelismvivado/parallelism/parallelism.gen/sources_1/bd/design_1/ip/design_1_proc_sys_reset_0_0/design_1_proc_sys_reset_0_0/design_1_proc_sys_reset_0_0_in_context.xdc] for cell 'design_1_i/proc_sys_reset_0'
Parsing XDC File [c:/Users/gao.hen/Desktop/parallelism/eece4632/parallelismvivado/parallelism/parallelism.gen/sources_1/bd/design_1/ip/design_1_smartconnect_0_0/design_1_smartconnect_0_0/design_1_smartconnect_0_0_in_context.xdc] for cell 'design_1_i/smartconnect_0'
Finished Parsing XDC File [c:/Users/gao.hen/Desktop/parallelism/eece4632/parallelismvivado/parallelism/parallelism.gen/sources_1/bd/design_1/ip/design_1_smartconnect_0_0/design_1_smartconnect_0_0/design_1_smartconnect_0_0_in_context.xdc] for cell 'design_1_i/smartconnect_0'
Parsing XDC File [c:/Users/gao.hen/Desktop/parallelism/eece4632/parallelismvivado/parallelism/parallelism.gen/sources_1/bd/design_1/ip/design_1_smartconnect_1_0/design_1_smartconnect_1_0/design_1_smartconnect_1_0_in_context.xdc] for cell 'design_1_i/smartconnect_1'
Finished Parsing XDC File [c:/Users/gao.hen/Desktop/parallelism/eece4632/parallelismvivado/parallelism/parallelism.gen/sources_1/bd/design_1/ip/design_1_smartconnect_1_0/design_1_smartconnect_1_0/design_1_smartconnect_1_0_in_context.xdc] for cell 'design_1_i/smartconnect_1'
Parsing XDC File [c:/Users/gao.hen/Desktop/parallelism/eece4632/parallelismvivado/parallelism/parallelism.gen/sources_1/bd/design_1/ip/design_1_axi_dma_0_0/design_1_axi_dma_0_0/design_1_axi_dma_0_0_in_context.xdc] for cell 'design_1_i/axi_dma_0'
Finished Parsing XDC File [c:/Users/gao.hen/Desktop/parallelism/eece4632/parallelismvivado/parallelism/parallelism.gen/sources_1/bd/design_1/ip/design_1_axi_dma_0_0/design_1_axi_dma_0_0/design_1_axi_dma_0_0_in_context.xdc] for cell 'design_1_i/axi_dma_0'
Parsing XDC File [c:/Users/gao.hen/Desktop/parallelism/eece4632/parallelismvivado/parallelism/parallelism.gen/sources_1/bd/design_1/ip/design_1_blur_edge_0_0/design_1_blur_edge_0_0/design_1_blur_edge_0_0_in_context.xdc] for cell 'design_1_i/blur_edge_0'
Finished Parsing XDC File [c:/Users/gao.hen/Desktop/parallelism/eece4632/parallelismvivado/parallelism/parallelism.gen/sources_1/bd/design_1/ip/design_1_blur_edge_0_0/design_1_blur_edge_0_0/design_1_blur_edge_0_0_in_context.xdc] for cell 'design_1_i/blur_edge_0'
Parsing XDC File [C:/Users/gao.hen/Desktop/parallelism/eece4632/parallelismvivado/parallelism/parallelism.runs/synth_1/dont_touch.xdc]
Finished Parsing XDC File [C:/Users/gao.hen/Desktop/parallelism/eece4632/parallelismvivado/parallelism/parallelism.runs/synth_1/dont_touch.xdc]
Completed Processing XDC Constraints

Netlist sorting complete. Time (s): cpu = 00:00:00 ; elapsed = 00:00:00 . Memory (MB): peak = 2162.523 ; gain = 0.000
INFO: [Project 1-111] Unisim Transformation Summary:
No Unisim elements were transformed.

Constraint Validation Runtime : Time (s): cpu = 00:00:00 ; elapsed = 00:00:00.009 . Memory (MB): peak = 2162.523 ; gain = 0.000
---------------------------------------------------------------------------------
Finished Constraint Validation : Time (s): cpu = 00:00:19 ; elapsed = 00:00:20 . Memory (MB): peak = 2162.523 ; gain = 510.855
---------------------------------------------------------------------------------
---------------------------------------------------------------------------------
Start Loading Part and Timing Information
---------------------------------------------------------------------------------
Loading part: xczu3eg-sfvc784-2-e
INFO: [Synth 8-6742] Reading net delay rules and data
---------------------------------------------------------------------------------
Finished Loading Part and Timing Information : Time (s): cpu = 00:00:19 ; elapsed = 00:00:20 . Memory (MB): peak = 2162.523 ; gain = 510.855
---------------------------------------------------------------------------------
---------------------------------------------------------------------------------
Start Applying 'set_property' XDC Constraints
---------------------------------------------------------------------------------
Applied set_property KEEP_HIERARCHY = SOFT for design_1_i. (constraint file  auto generated constraint).
Applied set_property KEEP_HIERARCHY = SOFT for design_1_i/zynq_ultra_ps_e_0. (constraint file  auto generated constraint).
Applied set_property KEEP_HIERARCHY = SOFT for design_1_i/proc_sys_reset_0. (constraint file  auto generated constraint).
Applied set_property KEEP_HIERARCHY = SOFT for design_1_i/smartconnect_0. (constraint file  auto generated constraint).
Applied set_property KEEP_HIERARCHY = SOFT for design_1_i/smartconnect_1. (constraint file  auto generated constraint).
Applied set_property KEEP_HIERARCHY = SOFT for design_1_i/axi_dma_0. (constraint file  auto generated constraint).
Applied set_property KEEP_HIERARCHY = SOFT for design_1_i/blur_edge_0. (constraint file  auto generated constraint).
---------------------------------------------------------------------------------
Finished applying 'set_property' XDC Constraints : Time (s): cpu = 00:00:19 ; elapsed = 00:00:20 . Memory (MB): peak = 2162.523 ; gain = 510.855
---------------------------------------------------------------------------------
---------------------------------------------------------------------------------
Finished RTL Optimization Phase 2 : Time (s): cpu = 00:00:19 ; elapsed = 00:00:20 . Memory (MB): peak = 2162.523 ; gain = 510.855
---------------------------------------------------------------------------------
---------------------------------------------------------------------------------
Start RTL Component Statistics 
---------------------------------------------------------------------------------
Detailed RTL Component Info : 
---------------------------------------------------------------------------------
Finished RTL Component Statistics 
---------------------------------------------------------------------------------
---------------------------------------------------------------------------------
Start Part Resource Summary
---------------------------------------------------------------------------------
Part Resources:
DSPs: 360 (col length:72)
BRAMs: 432 (col length: RAMB18 72 RAMB36 36)
---------------------------------------------------------------------------------
Finished Part Resource Summary
---------------------------------------------------------------------------------
---------------------------------------------------------------------------------
Start Cross Boundary and Area Optimization
---------------------------------------------------------------------------------
WARNING: [Synth 8-7080] Parallel synthesis criteria is not met
---------------------------------------------------------------------------------
Finished Cross Boundary and Area Optimization : Time (s): cpu = 00:00:21 ; elapsed = 00:00:22 . Memory (MB): peak = 2162.523 ; gain = 510.855
---------------------------------------------------------------------------------
---------------------------------------------------------------------------------
Start Applying XDC Timing Constraints
---------------------------------------------------------------------------------
---------------------------------------------------------------------------------
Finished Applying XDC Timing Constraints : Time (s): cpu = 00:00:32 ; elapsed = 00:00:34 . Memory (MB): peak = 2637.121 ; gain = 985.453
---------------------------------------------------------------------------------
---------------------------------------------------------------------------------
Start Timing Optimization
---------------------------------------------------------------------------------
---------------------------------------------------------------------------------
Finished Timing Optimization : Time (s): cpu = 00:00:32 ; elapsed = 00:00:34 . Memory (MB): peak = 2637.121 ; gain = 985.453
---------------------------------------------------------------------------------
---------------------------------------------------------------------------------
Start Technology Mapping
---------------------------------------------------------------------------------
---------------------------------------------------------------------------------
Finished Technology Mapping : Time (s): cpu = 00:00:32 ; elapsed = 00:00:34 . Memory (MB): peak = 2648.254 ; gain = 996.586
---------------------------------------------------------------------------------
---------------------------------------------------------------------------------
Start IO Insertion
---------------------------------------------------------------------------------
---------------------------------------------------------------------------------
Start Flattening Before IO Insertion
---------------------------------------------------------------------------------
---------------------------------------------------------------------------------
Finished Flattening Before IO Insertion
---------------------------------------------------------------------------------
---------------------------------------------------------------------------------
Start Final Netlist Cleanup
---------------------------------------------------------------------------------
---------------------------------------------------------------------------------
Finished Final Netlist Cleanup
---------------------------------------------------------------------------------
---------------------------------------------------------------------------------
Finished IO Insertion : Time (s): cpu = 00:00:36 ; elapsed = 00:00:38 . Memory (MB): peak = 2664.039 ; gain = 1012.371
---------------------------------------------------------------------------------
---------------------------------------------------------------------------------
Start Renaming Generated Instances
---------------------------------------------------------------------------------
---------------------------------------------------------------------------------
Finished Renaming Generated Instances : Time (s): cpu = 00:00:36 ; elapsed = 00:00:38 . Memory (MB): peak = 2664.039 ; gain = 1012.371
---------------------------------------------------------------------------------
---------------------------------------------------------------------------------
Start Rebuilding User Hierarchy
---------------------------------------------------------------------------------
---------------------------------------------------------------------------------
Finished Rebuilding User Hierarchy : Time (s): cpu = 00:00:36 ; elapsed = 00:00:38 . Memory (MB): peak = 2664.039 ; gain = 1012.371
---------------------------------------------------------------------------------
---------------------------------------------------------------------------------
Start Renaming Generated Ports
---------------------------------------------------------------------------------
---------------------------------------------------------------------------------
Finished Renaming Generated Ports : Time (s): cpu = 00:00:36 ; elapsed = 00:00:38 . Memory (MB): peak = 2664.039 ; gain = 1012.371
---------------------------------------------------------------------------------
---------------------------------------------------------------------------------
Start Handling Custom Attributes
---------------------------------------------------------------------------------
---------------------------------------------------------------------------------
Finished Handling Custom Attributes : Time (s): cpu = 00:00:36 ; elapsed = 00:00:38 . Memory (MB): peak = 2664.039 ; gain = 1012.371
---------------------------------------------------------------------------------
---------------------------------------------------------------------------------
Start Renaming Generated Nets
---------------------------------------------------------------------------------
---------------------------------------------------------------------------------
Finished Renaming Generated Nets : Time (s): cpu = 00:00:36 ; elapsed = 00:00:38 . Memory (MB): peak = 2664.039 ; gain = 1012.371
---------------------------------------------------------------------------------
---------------------------------------------------------------------------------
Start Writing Synthesis Report
---------------------------------------------------------------------------------

Report BlackBoxes: 
+------+-----------------------------+----------+
|      |BlackBox name                |Instances |
+------+-----------------------------+----------+
|1     |design_1_axi_dma_0_0         |         1|
|2     |design_1_blur_edge_0_0       |         1|
|3     |design_1_proc_sys_reset_0_0  |         1|
|4     |design_1_smartconnect_0_0    |         1|
|5     |design_1_smartconnect_1_0    |         1|
|6     |design_1_zynq_ultra_ps_e_0_0 |         1|
+------+-----------------------------+----------+

Report Cell Usage: 
+------+---------------------------+------+
|      |Cell                       |Count |
+------+---------------------------+------+
|1     |design_1_axi_dma_0         |     1|
|2     |design_1_blur_edge_0       |     1|
|3     |design_1_proc_sys_reset_0  |     1|
|4     |design_1_smartconnect_0    |     1|
|5     |design_1_smartconnect_1    |     1|
|6     |design_1_zynq_ultra_ps_e_0 |     1|
+------+---------------------------+------+
---------------------------------------------------------------------------------
Finished Writing Synthesis Report : Time (s): cpu = 00:00:36 ; elapsed = 00:00:38 . Memory (MB): peak = 2664.039 ; gain = 1012.371
---------------------------------------------------------------------------------
Synthesis finished with 0 errors, 0 critical warnings and 1 warnings.
Synthesis Optimization Runtime : Time (s): cpu = 00:00:22 ; elapsed = 00:00:32 . Memory (MB): peak = 2664.039 ; gain = 1012.371
Synthesis Optimization Complete : Time (s): cpu = 00:00:36 ; elapsed = 00:00:39 . Memory (MB): peak = 2664.039 ; gain = 1012.371
INFO: [Project 1-571] Translating synthesized netlist
Netlist sorting complete. Time (s): cpu = 00:00:00 ; elapsed = 00:00:00.009 . Memory (MB): peak = 2664.039 ; gain = 0.000
INFO: [Project 1-570] Preparing netlist for logic optimization
INFO: [Opt 31-138] Pushed 0 inverter(s) to 0 load pin(s).
Netlist sorting complete. Time (s): cpu = 00:00:00 ; elapsed = 00:00:00 . Memory (MB): peak = 2664.039 ; gain = 0.000
INFO: [Project 1-111] Unisim Transformation Summary:
No Unisim elements were transformed.

Synth Design complete | Checksum: 6bd37db
INFO: [Common 17-83] Releasing license: Synthesis
32 Infos, 38 Warnings, 0 Critical Warnings and 0 Errors encountered.
synth_design completed successfully
synth_design: Time (s): cpu = 00:00:44 ; elapsed = 00:00:49 . Memory (MB): peak = 2664.039 ; gain = 1953.297
INFO: [Common 17-1381] The checkpoint 'C:/Users/gao.hen/Desktop/parallelism/eece4632/parallelismvivado/parallelism/parallelism.runs/synth_1/design_1_wrapper.dcp' has been generated.
INFO: [Vivado 12-24828] Executing command : report_utilization -file design_1_wrapper_utilization_synth.rpt -pb design_1_wrapper_utilization_synth.pb
INFO: [Common 17-206] Exiting Vivado at Wed Apr 22 16:14:55 2026...
